2026-06-02 10:48:45.990 [main] INFO  c.e.springbootapisign.SpringbootApiSignApplication - Starting SpringbootApiSignApplication using Java 1.8.0_202 on ZC210323101600 with PID 63940 (C:\Users\a\CodeBuddy\springboot-api-sign\target\classes started by a in C:\Users\a\CodeBuddy\springboot-api-sign)
2026-06-02 10:48:45.993 [main] DEBUG c.e.springbootapisign.SpringbootApiSignApplication - Running with Spring Boot v2.7.18, Spring v5.3.31
2026-06-02 10:48:45.993 [main] INFO  c.e.springbootapisign.SpringbootApiSignApplication - No active profile set, falling back to 1 default profile: "default"
2026-06-02 10:48:47.071 [main] INFO  o.s.d.r.config.RepositoryConfigurationDelegate - Multiple Spring Data modules found, entering strict repository configuration mode
2026-06-02 10:48:47.074 [main] INFO  o.s.d.r.config.RepositoryConfigurationDelegate - Bootstrapping Spring Data Redis repositories in DEFAULT mode.
2026-06-02 10:48:47.103 [main] INFO  o.s.d.r.config.RepositoryConfigurationDelegate - Finished Spring Data repository scanning in 11 ms. Found 0 Redis repository interfaces.
2026-06-02 10:48:48.631 [main] INFO  o.s.boot.web.embedded.tomcat.TomcatWebServer - Tomcat initialized with port(s): 8080 (http)
2026-06-02 10:48:48.641 [main] INFO  org.apache.catalina.core.StandardService - Starting service [Tomcat]
2026-06-02 10:48:48.641 [main] INFO  org.apache.catalina.core.StandardEngine - Starting Servlet engine: [Apache Tomcat/9.0.83]
2026-06-02 10:48:48.884 [main] INFO  o.a.c.core.ContainerBase.[Tomcat].[localhost].[/] - Initializing Spring embedded WebApplicationContext
2026-06-02 10:48:48.885 [main] INFO  o.s.b.w.s.c.ServletWebServerApplicationContext - Root WebApplicationContext: initialization completed in 2842 ms
2026-06-02 10:48:48.945 [main] DEBUG c.e.springbootapisign.filter.ContentCachingFilter - Filter 'contentCachingFilter' configured for use
2026-06-02 10:48:51.214 [main] INFO  o.s.boot.web.embedded.tomcat.TomcatWebServer - Tomcat started on port(s): 8080 (http) with context path ''
2026-06-02 10:48:51.222 [main] INFO  c.e.springbootapisign.SpringbootApiSignApplication - Started SpringbootApiSignApplication in 5.915 seconds (JVM running for 6.792)
2026-06-02 10:53:47.937 [http-nio-8080-exec-1] INFO  o.a.c.core.ContainerBase.[Tomcat].[localhost].[/] - Initializing Spring DispatcherServlet 'dispatcherServlet'
2026-06-02 10:53:47.938 [http-nio-8080-exec-1] INFO  org.springframework.web.servlet.DispatcherServlet - Initializing Servlet 'dispatcherServlet'
2026-06-02 10:53:47.939 [http-nio-8080-exec-1] INFO  org.springframework.web.servlet.DispatcherServlet - Completed initialization in 1 ms
2026-06-02 10:53:47.958 [http-nio-8080-exec-1] DEBUG c.e.springbootapisign.interceptor.SignInterceptor - [签名校验] 开始处理请求: GET /api/get/data, IP=0:0:0:0:0:0:0:1
2026-06-02 10:53:47.959 [http-nio-8080-exec-1] WARN  c.e.springbootapisign.interceptor.SignInterceptor - [签名校验失败] 请求头参数缺失, ip=0:0:0:0:0:0:0:1, uri=/api/get/data, missingHeaders=AppKey Timestamp Nonce Sign
2026-06-02 10:53:47.970 [task-1] INFO  c.example.springbootapisign.service.SignLogService - [签名审计] appKey=null, uri=/api/get/data, method=GET, result=FAIL_HEADERS, ip=0:0:0:0:0:0:0:1, timestamp=null, nonce=null, error=请求头参数缺失，请携带AppKey、Timestamp、Nonce、Sign
2026-06-02 11:39:25.057 [main] INFO  com.example.springbootapisign.ApiSignTest - Starting ApiSignTest using Java 1.8.0_202 on ZC210323101600 with PID 32112 (started by a in C:\Users\a\CodeBuddy\springboot-api-sign)
2026-06-02 11:39:25.058 [main] DEBUG com.example.springbootapisign.ApiSignTest - Running with Spring Boot v2.7.18, Spring v5.3.31
2026-06-02 11:39:25.058 [main] INFO  com.example.springbootapisign.ApiSignTest - The following 1 profile is active: "test"
2026-06-02 11:39:30.152 [main] INFO  com.example.springbootapisign.ApiSignTest - Started ApiSignTest in 5.602 seconds (JVM running for 7.144)
2026-06-02 11:39:44.963 [http-nio-8080-exec-4] DEBUG c.e.springbootapisign.interceptor.SignInterceptor - [签名校验] 开始处理请求: GET /api/get/data, IP=0:0:0:0:0:0:0:1
2026-06-02 11:39:44.964 [http-nio-8080-exec-4] WARN  c.e.springbootapisign.interceptor.SignInterceptor - [签名校验失败] 请求头参数缺失, ip=0:0:0:0:0:0:0:1, uri=/api/get/data, missingHeaders=AppKey Timestamp Nonce Sign
2026-06-02 11:39:44.965 [task-2] INFO  c.example.springbootapisign.service.SignLogService - [签名审计] appKey=null, uri=/api/get/data, method=GET, result=FAIL_HEADERS, ip=0:0:0:0:0:0:0:1, timestamp=null, nonce=null, error=请求头参数缺失，请携带AppKey、Timestamp、Nonce、Sign
2026-06-02 11:41:07.410 [http-nio-8080-exec-7] DEBUG c.e.springbootapisign.interceptor.SignInterceptor - [签名校验] 开始处理请求: GET /api/get/data, IP=0:0:0:0:0:0:0:1
2026-06-02 11:41:07.410 [http-nio-8080-exec-7] WARN  c.e.springbootapisign.interceptor.SignInterceptor - [签名校验失败] 请求头参数缺失, ip=0:0:0:0:0:0:0:1, uri=/api/get/data, missingHeaders=AppKey Timestamp Nonce Sign
2026-06-02 11:41:07.411 [task-3] INFO  c.example.springbootapisign.service.SignLogService - [签名审计] appKey=null, uri=/api/get/data, method=GET, result=FAIL_HEADERS, ip=0:0:0:0:0:0:0:1, timestamp=null, nonce=null, error=请求头参数缺失，请携带AppKey、Timestamp、Nonce、Sign
2026-06-02 11:41:15.856 [main] INFO  c.e.springbootapisign.SpringbootApiSignApplication - Starting SpringbootApiSignApplication using Java 1.8.0_202 on ZC210323101600 with PID 57700 (C:\Users\a\CodeBuddy\springboot-api-sign\target\classes started by a in C:\Users\a\CodeBuddy\springboot-api-sign)
2026-06-02 11:41:15.859 [main] DEBUG c.e.springbootapisign.SpringbootApiSignApplication - Running with Spring Boot v2.7.18, Spring v5.3.31
2026-06-02 11:41:15.860 [main] INFO  c.e.springbootapisign.SpringbootApiSignApplication - No active profile set, falling back to 1 default profile: "default"
2026-06-02 11:41:16.469 [main] INFO  o.s.d.r.config.RepositoryConfigurationDelegate - Multiple Spring Data modules found, entering strict repository configuration mode
2026-06-02 11:41:16.471 [main] INFO  o.s.d.r.config.RepositoryConfigurationDelegate - Bootstrapping Spring Data Redis repositories in DEFAULT mode.
2026-06-02 11:41:16.502 [main] INFO  o.s.d.r.config.RepositoryConfigurationDelegate - Finished Spring Data repository scanning in 16 ms. Found 0 Redis repository interfaces.
2026-06-02 11:41:18.147 [main] INFO  o.s.boot.web.embedded.tomcat.TomcatWebServer - Tomcat initialized with port(s): 8080 (http)
2026-06-02 11:41:18.163 [main] INFO  org.apache.catalina.core.StandardService - Starting service [Tomcat]
2026-06-02 11:41:18.163 [main] INFO  org.apache.catalina.core.StandardEngine - Starting Servlet engine: [Apache Tomcat/9.0.83]
2026-06-02 11:41:18.352 [main] INFO  o.a.c.core.ContainerBase.[Tomcat].[localhost].[/] - Initializing Spring embedded WebApplicationContext
2026-06-02 11:41:18.352 [main] INFO  o.s.b.w.s.c.ServletWebServerApplicationContext - Root WebApplicationContext: initialization completed in 2441 ms
2026-06-02 11:41:18.453 [main] DEBUG c.e.springbootapisign.filter.ContentCachingFilter - Filter 'contentCachingFilter' configured for use
2026-06-02 11:41:20.590 [main] WARN  o.s.b.w.s.c.AnnotationConfigServletWebServerApplicationContext - Exception encountered during context initialization - cancelling refresh attempt: org.springframework.context.ApplicationContextException: Failed to start bean 'webServerStartStop'; nested exception is org.springframework.boot.web.server.PortInUseException: Port 8080 is already in use
2026-06-02 11:41:20.618 [main] INFO  org.apache.catalina.core.StandardService - Stopping service [Tomcat]
2026-06-02 11:41:20.636 [main] INFO  o.s.b.a.l.ConditionEvaluationReportLoggingListener - 

Error starting ApplicationContext. To display the conditions report re-run your application with 'debug' enabled.
2026-06-02 11:41:20.674 [main] ERROR o.s.b.diagnostics.LoggingFailureAnalysisReporter - 

***************************
APPLICATION FAILED TO START
***************************

Description:

Web server failed to start. Port 8080 was already in use.

Action:

Identify and stop the process that's listening on port 8080 or configure this application to listen on another port.

2026-06-02 11:43:04.196 [main] INFO  c.e.springbootapisign.SpringbootApiSignApplication - Starting SpringbootApiSignApplication using Java 1.8.0_202 on ZC210323101600 with PID 56580 (C:\Users\a\CodeBuddy\springboot-api-sign\target\classes started by a in C:\Users\a\CodeBuddy\springboot-api-sign)
2026-06-02 11:43:04.199 [main] DEBUG c.e.springbootapisign.SpringbootApiSignApplication - Running with Spring Boot v2.7.18, Spring v5.3.31
2026-06-02 11:43:04.199 [main] INFO  c.e.springbootapisign.SpringbootApiSignApplication - No active profile set, falling back to 1 default profile: "default"
2026-06-02 11:43:04.799 [main] INFO  o.s.d.r.config.RepositoryConfigurationDelegate - Multiple Spring Data modules found, entering strict repository configuration mode
2026-06-02 11:43:04.802 [main] INFO  o.s.d.r.config.RepositoryConfigurationDelegate - Bootstrapping Spring Data Redis repositories in DEFAULT mode.
2026-06-02 11:43:04.834 [main] INFO  o.s.d.r.config.RepositoryConfigurationDelegate - Finished Spring Data repository scanning in 16 ms. Found 0 Redis repository interfaces.
2026-06-02 11:43:06.368 [main] INFO  o.s.boot.web.embedded.tomcat.TomcatWebServer - Tomcat initialized with port(s): 8080 (http)
2026-06-02 11:43:06.378 [main] INFO  org.apache.catalina.core.StandardService - Starting service [Tomcat]
2026-06-02 11:43:06.378 [main] INFO  org.apache.catalina.core.StandardEngine - Starting Servlet engine: [Apache Tomcat/9.0.83]
2026-06-02 11:43:06.485 [main] INFO  o.a.c.core.ContainerBase.[Tomcat].[localhost].[/] - Initializing Spring embedded WebApplicationContext
2026-06-02 11:43:06.485 [main] INFO  o.s.b.w.s.c.ServletWebServerApplicationContext - Root WebApplicationContext: initialization completed in 2233 ms
2026-06-02 11:43:06.578 [main] DEBUG c.e.springbootapisign.filter.ContentCachingFilter - Filter 'contentCachingFilter' configured for use
2026-06-02 11:43:08.875 [main] WARN  o.s.b.w.s.c.AnnotationConfigServletWebServerApplicationContext - Exception encountered during context initialization - cancelling refresh attempt: org.springframework.context.ApplicationContextException: Failed to start bean 'webServerStartStop'; nested exception is org.springframework.boot.web.server.PortInUseException: Port 8080 is already in use
2026-06-02 11:43:08.901 [main] INFO  org.apache.catalina.core.StandardService - Stopping service [Tomcat]
2026-06-02 11:43:08.919 [main] INFO  o.s.b.a.l.ConditionEvaluationReportLoggingListener - 

Error starting ApplicationContext. To display the conditions report re-run your application with 'debug' enabled.
2026-06-02 11:43:08.939 [main] ERROR o.s.b.diagnostics.LoggingFailureAnalysisReporter - 

***************************
APPLICATION FAILED TO START
***************************

Description:

Web server failed to start. Port 8080 was already in use.

Action:

Identify and stop the process that's listening on port 8080 or configure this application to listen on another port.

2026-06-02 11:43:43.682 [main] INFO  c.e.springbootapisign.SpringbootApiSignApplication - Starting SpringbootApiSignApplication using Java 1.8.0_202 on ZC210323101600 with PID 50480 (C:\Users\a\CodeBuddy\springboot-api-sign\target\classes started by a in C:\Users\a\CodeBuddy\springboot-api-sign)
2026-06-02 11:43:43.685 [main] DEBUG c.e.springbootapisign.SpringbootApiSignApplication - Running with Spring Boot v2.7.18, Spring v5.3.31
2026-06-02 11:43:43.685 [main] INFO  c.e.springbootapisign.SpringbootApiSignApplication - No active profile set, falling back to 1 default profile: "default"
2026-06-02 11:43:44.417 [main] INFO  o.s.d.r.config.RepositoryConfigurationDelegate - Multiple Spring Data modules found, entering strict repository configuration mode
2026-06-02 11:43:44.420 [main] INFO  o.s.d.r.config.RepositoryConfigurationDelegate - Bootstrapping Spring Data Redis repositories in DEFAULT mode.
2026-06-02 11:43:44.449 [main] INFO  o.s.d.r.config.RepositoryConfigurationDelegate - Finished Spring Data repository scanning in 13 ms. Found 0 Redis repository interfaces.
2026-06-02 11:43:45.967 [main] INFO  o.s.boot.web.embedded.tomcat.TomcatWebServer - Tomcat initialized with port(s): 8080 (http)
2026-06-02 11:43:45.986 [main] INFO  org.apache.catalina.core.StandardService - Starting service [Tomcat]
2026-06-02 11:43:45.987 [main] INFO  org.apache.catalina.core.StandardEngine - Starting Servlet engine: [Apache Tomcat/9.0.83]
2026-06-02 11:43:46.082 [main] INFO  o.a.c.core.ContainerBase.[Tomcat].[localhost].[/] - Initializing Spring embedded WebApplicationContext
2026-06-02 11:43:46.082 [main] INFO  o.s.b.w.s.c.ServletWebServerApplicationContext - Root WebApplicationContext: initialization completed in 2337 ms
2026-06-02 11:43:46.161 [main] DEBUG c.e.springbootapisign.filter.ContentCachingFilter - Filter 'contentCachingFilter' configured for use
2026-06-02 11:43:48.221 [main] INFO  o.s.boot.web.embedded.tomcat.TomcatWebServer - Tomcat started on port(s): 8080 (http) with context path ''
2026-06-02 11:43:48.231 [main] INFO  c.e.springbootapisign.SpringbootApiSignApplication - Started SpringbootApiSignApplication in 5.124 seconds (JVM running for 5.604)
2026-06-02 11:43:58.324 [http-nio-8080-exec-1] INFO  o.a.c.core.ContainerBase.[Tomcat].[localhost].[/] - Initializing Spring DispatcherServlet 'dispatcherServlet'
2026-06-02 11:43:58.324 [http-nio-8080-exec-1] INFO  org.springframework.web.servlet.DispatcherServlet - Initializing Servlet 'dispatcherServlet'
2026-06-02 11:43:58.326 [http-nio-8080-exec-1] INFO  org.springframework.web.servlet.DispatcherServlet - Completed initialization in 1 ms
2026-06-02 11:43:58.357 [http-nio-8080-exec-1] DEBUG c.e.springbootapisign.interceptor.SignInterceptor - [签名校验] 开始处理请求: GET /api/get/data, IP=0:0:0:0:0:0:0:1
2026-06-02 11:45:22.852 [http-nio-8080-exec-1] DEBUG c.e.springbootapisign.interceptor.SignInterceptor - [密钥查询] 配置文件命中: appKey=test_app_key_123456
2026-06-02 11:45:22.853 [http-nio-8080-exec-1] WARN  c.e.springbootapisign.interceptor.SignInterceptor - [签名校验失败] 请求已过期, appKey=test_app_key_123456, diff=352秒, 有效期=300秒
2026-06-02 11:45:22.872 [task-1] INFO  c.example.springbootapisign.service.SignLogService - [签名审计] appKey=test_app_key_123456, uri=/api/get/data, method=GET, result=FAIL_TIMESTAMP_EXPIRED, ip=0:0:0:0:0:0:0:1, timestamp=1780371570, nonce=67290a45-714e-4032-9de0-bcedaae5af35, error=请求已过期，请重新发起请求
2026-06-02 11:45:29.171 [http-nio-8080-exec-3] DEBUG c.e.springbootapisign.interceptor.SignInterceptor - [签名校验] 开始处理请求: GET /api/get/data, IP=0:0:0:0:0:0:0:1
2026-06-02 11:46:21.438 [http-nio-8080-exec-3] DEBUG c.e.springbootapisign.interceptor.SignInterceptor - [密钥查询] 配置文件命中: appKey=test_app_key_123456
2026-06-02 11:47:00.627 [http-nio-8080-exec-3] WARN  c.e.springbootapisign.interceptor.SignInterceptor - [签名校验失败] 请求已过期, appKey=test_app_key_123456, diff=420秒, 有效期=300秒
2026-06-02 11:47:00.628 [task-2] INFO  c.example.springbootapisign.service.SignLogService - [签名审计] appKey=test_app_key_123456, uri=/api/get/data, method=GET, result=FAIL_TIMESTAMP_EXPIRED, ip=0:0:0:0:0:0:0:1, timestamp=1780371570, nonce=67290a45-714e-4032-9de0-bcedaae5af35, error=请求已过期，请重新发起请求
2026-06-02 11:50:30.932 [main] INFO  c.e.springbootapisign.SpringbootApiSignApplication - Starting SpringbootApiSignApplication using Java 1.8.0_202 on ZC210323101600 with PID 1228 (C:\Users\a\CodeBuddy\springboot-api-sign\target\classes started by a in C:\Users\a\CodeBuddy\springboot-api-sign)
2026-06-02 11:50:30.934 [main] DEBUG c.e.springbootapisign.SpringbootApiSignApplication - Running with Spring Boot v2.7.18, Spring v5.3.31
2026-06-02 11:50:30.935 [main] INFO  c.e.springbootapisign.SpringbootApiSignApplication - No active profile set, falling back to 1 default profile: "default"
2026-06-02 11:50:31.557 [main] INFO  o.s.d.r.config.RepositoryConfigurationDelegate - Multiple Spring Data modules found, entering strict repository configuration mode
2026-06-02 11:50:31.561 [main] INFO  o.s.d.r.config.RepositoryConfigurationDelegate - Bootstrapping Spring Data Redis repositories in DEFAULT mode.
2026-06-02 11:50:31.595 [main] INFO  o.s.d.r.config.RepositoryConfigurationDelegate - Finished Spring Data repository scanning in 16 ms. Found 0 Redis repository interfaces.
2026-06-02 11:50:33.070 [main] INFO  o.s.boot.web.embedded.tomcat.TomcatWebServer - Tomcat initialized with port(s): 8080 (http)
2026-06-02 11:50:33.079 [main] INFO  org.apache.catalina.core.StandardService - Starting service [Tomcat]
2026-06-02 11:50:33.080 [main] INFO  org.apache.catalina.core.StandardEngine - Starting Servlet engine: [Apache Tomcat/9.0.83]
2026-06-02 11:50:33.185 [main] INFO  o.a.c.core.ContainerBase.[Tomcat].[localhost].[/] - Initializing Spring embedded WebApplicationContext
2026-06-02 11:50:33.186 [main] INFO  o.s.b.w.s.c.ServletWebServerApplicationContext - Root WebApplicationContext: initialization completed in 2205 ms
2026-06-02 11:50:33.278 [main] DEBUG c.e.springbootapisign.filter.ContentCachingFilter - Filter 'contentCachingFilter' configured for use
2026-06-02 11:50:35.359 [main] INFO  o.s.boot.web.embedded.tomcat.TomcatWebServer - Tomcat started on port(s): 8080 (http) with context path ''
2026-06-02 11:50:35.368 [main] INFO  c.e.springbootapisign.SpringbootApiSignApplication - Started SpringbootApiSignApplication in 4.899 seconds (JVM running for 5.369)
2026-06-02 11:50:41.263 [http-nio-8080-exec-1] INFO  o.a.c.core.ContainerBase.[Tomcat].[localhost].[/] - Initializing Spring DispatcherServlet 'dispatcherServlet'
2026-06-02 11:50:41.264 [http-nio-8080-exec-1] INFO  org.springframework.web.servlet.DispatcherServlet - Initializing Servlet 'dispatcherServlet'
2026-06-02 11:50:41.265 [http-nio-8080-exec-1] INFO  org.springframework.web.servlet.DispatcherServlet - Completed initialization in 1 ms
2026-06-02 11:50:41.284 [http-nio-8080-exec-1] DEBUG c.e.springbootapisign.interceptor.SignInterceptor - [签名校验] 开始处理请求: GET /api/get/data, IP=0:0:0:0:0:0:0:1
2026-06-02 11:50:54.020 [http-nio-8080-exec-1] DEBUG c.e.springbootapisign.interceptor.SignInterceptor - [密钥查询] 配置文件命中: appKey=test_app_key_123456
2026-06-02 11:51:59.457 [http-nio-8080-exec-1] ERROR c.e.springbootapisign.interceptor.SignInterceptor - [签名校验失败] 签名不匹配, appKey=test_app_key_123456, clientSign=F9E642AA573AC6FB5F493954ED718E0C, serverSign=13D1C0CC60C698A1200A9DC3CA21E6A3
2026-06-02 11:51:59.477 [task-1] INFO  c.example.springbootapisign.service.SignLogService - [签名审计] appKey=test_app_key_123456, uri=/api/get/data, method=GET, result=FAIL_SIGN, ip=0:0:0:0:0:0:0:1, timestamp=1780371570, nonce=67290a45-714e-4032-9de0-bcedaae5af35, error=接口签名验证失败，参数可能被篡改或秘钥不匹配
